<?xml version="1.0" encoding="UTF-8"?>
<!-- Generated by org.testng.reporters.JUnitReportReporter -->
<testsuite hostname="DESKTOP-EFFE0O5" failures="0" tests="2" name="configuration_ann_extra.BaseClass" time="0.025" errors="0" timestamp="2025-10-15T11:38:24 IST" skipped="0">
  <testcase classname="configuration_ann_extra.BaseClass" name="createContact" time="0.020"/>
  <testcase classname="configuration_ann_extra.BaseClass" name="deleteContact" time="0.005"/>
</testsuite> <!-- configuration_ann_extra.BaseClass -->
