<?xml version="1.0" encoding="UTF-8"?>
<!-- Generated by org.testng.reporters.JUnitReportReporter -->
<testsuite hostname="DESKTOP-EFFE0O5" failures="0" tests="3" name="testing_extra.Demo3Test" time="0.048" errors="0" timestamp="2025-10-10T00:37:11 IST" skipped="0">
  <testcase classname="testing_extra.Demo3Test" name="Deactivate" time="0.010"/>
  <testcase classname="testing_extra.Demo3Test" name="Create" time="0.026"/>
  <testcase classname="testing_extra.Demo3Test" name="Modify" time="0.012"/>
</testsuite> <!-- testing_extra.Demo3Test -->
