<?xml version="1.0" encoding="UTF-8"?>
<!-- Generated by org.testng.reporters.JUnitReportReporter -->
<testsuite hostname="DESKTOP-EFFE0O5" failures="0" tests="3" name="testing_extra.Demo2Text" time="0.095" errors="0" timestamp="2025-10-10T00:24:06 IST" skipped="0">
  <testcase classname="testing_extra.Demo2Text" name="Create" time="0.055"/>
  <testcase classname="testing_extra.Demo2Text" name="Modify" time="0.027"/>
  <testcase classname="testing_extra.Demo2Text" name="Deactivate" time="0.013"/>
</testsuite> <!-- testing_extra.Demo2Text -->
