<?xml version="1.0" encoding="UTF-8"?>
<!-- Generated by org.testng.reporters.JUnitReportReporter -->
<testsuite hostname="DESKTOP-EFFE0O5" failures="0" tests="2" name="configuration_ann_extra.ContactTest" time="0.033" errors="0" timestamp="2025-10-15T11:40:05 IST" skipped="0">
  <testcase classname="configuration_ann_extra.ContactTest" name="deleteContact" time="0.014"/>
  <testcase classname="configuration_ann_extra.ContactTest" name="createContact" time="0.019"/>
</testsuite> <!-- configuration_ann_extra.ContactTest -->
