<?xml version="1.0" encoding="UTF-8"?>
<!-- Generated by org.testng.reporters.JUnitReportReporter -->
<testsuite hostname="DESKTOP-EFFE0O5" failures="0" tests="11" name="testng_extra.DemoInnvocationTest" time="78.176" errors="0" timestamp="2025-10-11T17:31:59 IST" skipped="1">
  <testcase classname="testng_extra.DemoInnvocationTest" name="Case3" time="9.582"/>
  <testcase classname="testng_extra.DemoInnvocationTest" name="Case3" time="8.979"/>
  <testcase classname="testng_extra.DemoInnvocationTest" name="Case3" time="9.583"/>
  <testcase classname="testng_extra.DemoInnvocationTest" name="Case3" time="6.814"/>
  <testcase classname="testng_extra.DemoInnvocationTest" name="Case3" time="5.003"/>
  <testcase classname="testng_extra.DemoInnvocationTest" name="Case3" time="6.393"/>
  <testcase classname="testng_extra.DemoInnvocationTest" name="Case3" time="9.267"/>
  <testcase classname="testng_extra.DemoInnvocationTest" name="Case3" time="5.155"/>
  <testcase classname="testng_extra.DemoInnvocationTest" name="Case3" time="9.584"/>
  <testcase classname="testng_extra.DemoInnvocationTest" name="Case3" time="7.816"/>
  <testcase classname="testng_extra.DemoInnvocationTest" name="Case2">
    <skipped/>
  </testcase> <!-- Case2 -->
</testsuite> <!-- testng_extra.DemoInnvocationTest -->
