<?xml version="1.0" encoding="UTF-8"?>
<!-- Generated by org.testng.reporters.JUnitReportReporter -->
<testsuite hostname="DESKTOP-EFFE0O5" failures="0" tests="1" name="types_of_execution.Demo1Test" time="13.489" errors="0" timestamp="2025-10-11T18:49:25 IST" skipped="0">
  <testcase classname="types_of_execution.Demo1Test" name="Case1" time="13.489"/>
</testsuite> <!-- types_of_execution.Demo1Test -->
