<?xml version="1.0" encoding="UTF-8"?>
<!-- Generated by org.testng.reporters.JUnitReportReporter -->
<testsuite hostname="DESKTOP-EFFE0O5" failures="0" tests="3" name="types_of_execution.Demo7test" time="10.616" errors="0" timestamp="2025-10-15T11:14:57 IST" skipped="0">
  <testcase classname="types_of_execution.Demo7test" name="Case71" time="1.814"/>
  <testcase classname="types_of_execution.Demo7test" name="Case7" time="5.000"/>
  <testcase classname="types_of_execution.Demo7test" name="Case701" time="3.802"/>
</testsuite> <!-- types_of_execution.Demo7test -->
