<?xml version="1.0" encoding="UTF-8"?>
<!-- Generated by org.testng.reporters.JUnitReportReporter -->
<testsuite hostname="DESKTOP-EFFE0O5" failures="0" tests="1" name="configuration_ann_extra.OrgTest" time="0.018" errors="0" timestamp="2025-10-15T11:39:39 IST" skipped="0">
  <testcase classname="configuration_ann_extra.OrgTest" name="createVoid" time="0.018"/>
</testsuite> <!-- configuration_ann_extra.OrgTest -->
