<?xml version="1.0" encoding="UTF-8"?>
<!-- Generated by org.testng.reporters.JUnitReportReporter -->
<testsuite hostname="DESKTOP-EFFE0O5" failures="0" tests="1" name="types_of_execution.Demo3Test" time="12.339" errors="0" timestamp="2025-10-13T23:37:33 IST" skipped="0">
  <testcase classname="types_of_execution.Demo3Test" name="Case3" time="12.339"/>
</testsuite> <!-- types_of_execution.Demo3Test -->
