<?xml version="1.0" encoding="UTF-8"?>
<!-- Generated by org.testng.reporters.JUnitReportReporter -->
<testsuite hostname="DESKTOP-EFFE0O5" failures="0" tests="3" name="testing_extra.DemoTest" time="0.032" errors="0" timestamp="2025-10-10T00:13:48 IST" skipped="0">
  <testcase classname="testing_extra.DemoTest" name="Case1" time="0.020"/>
  <testcase classname="testing_extra.DemoTest" name="Case2" time="0.006">
    <system-out>
      <![CDATA[ Case2: Are you here....?]]>
    </system-out>
  </testcase> <!-- Case2 -->
  <testcase classname="testing_extra.DemoTest" name="Case3" time="0.006">
    <system-out>
      <![CDATA[Case3: Are you here.....?]]>
    </system-out>
  </testcase> <!-- Case3 -->
  <system-out>
    <![CDATA[ Case2: Are you here....?
Case3: Are you here.....?]]>
  </system-out>
</testsuite> <!-- testing_extra.DemoTest -->
